Flow report for LightCycles
Sun Jul 27 22:08:29 2008
Quartus II Version 8.0 Build 231 07/10/2008 Service Pack 1 SJ Web Edition


---------------------
; Table of Contents ;
---------------------
  1. Legal Notice
  2. Flow Summary
  3. Flow Settings
  4. Flow Non-Default Global Settings
  5. Flow Elapsed Time
  6. Flow Log



----------------
; Legal Notice ;
----------------
Copyright (C) 1991-2008 Altera Corporation
Your use of Altera Corporation's design tools, logic functions 
and other software and tools, and its AMPP partner logic 
functions, and any output files from any of the foregoing 
(including device programming or simulation files), and any 
associated documentation or information are expressly subject 
to the terms and conditions of the Altera Program License 
Subscription Agreement, Altera MegaCore Function License 
Agreement, or other applicable license agreement, including, 
without limitation, that your use is for the sole purpose of 
programming logic devices manufactured by Altera and sold by 
Altera or its authorized distributors.  Please refer to the 
applicable agreement for further details.



+-----------------------------------------------------------------------------------+
; Flow Summary                                                                      ;
+------------------------------------+----------------------------------------------+
; Flow Status                        ; Successful - Sun Jul 27 22:08:29 2008        ;
; Quartus II Version                 ; 8.0 Build 231 07/10/2008 SP 1 SJ Web Edition ;
; Revision Name                      ; LightCycles                                  ;
; Top-level Entity Name              ; LightCycles                                  ;
; Family                             ; Cyclone II                                   ;
; Device                             ; EP2C35F672C6                                 ;
; Timing Models                      ; Final                                        ;
; Met timing requirements            ; N/A                                          ;
; Total logic elements               ; 10,692 / 33,216 ( 32 % )                     ;
;     Total combinational functions  ; 10,679 / 33,216 ( 32 % )                     ;
;     Dedicated logic registers      ; 4,405 / 33,216 ( 13 % )                      ;
; Total registers                    ; 4405                                         ;
; Total pins                         ; 68 / 475 ( 14 % )                            ;
; Total virtual pins                 ; 0                                            ;
; Total memory bits                  ; 5 / 483,840 ( < 1 % )                        ;
; Embedded Multiplier 9-bit elements ; 0 / 70 ( 0 % )                               ;
; Total PLLs                         ; 0 / 4 ( 0 % )                                ;
+------------------------------------+----------------------------------------------+


+-----------------------------------------+
; Flow Settings                           ;
+-------------------+---------------------+
; Option            ; Setting             ;
+-------------------+---------------------+
; Start date & time ; 07/27/2008 20:38:02 ;
; Main task         ; Compilation         ;
; Revision Name     ; LightCycles         ;
+-------------------+---------------------+


+--------------------------------------------------------------------------------------------------------------------------+
; Flow Non-Default Global Settings                                                                                         ;
+-------------------------------------------------+-----------------------------+---------------+-------------+------------+
; Assignment Name                                 ; Value                       ; Default Value ; Entity Name ; Section Id ;
+-------------------------------------------------+-----------------------------+---------------+-------------+------------+
; ADV_NETLIST_OPT_SYNTH_WYSIWYG_REMAP             ; On                          ; Off           ; --          ; --         ;
; ALLOW_ANY_RAM_SIZE_FOR_RECOGNITION              ; On                          ; Off           ; --          ; --         ;
; ALLOW_ANY_ROM_SIZE_FOR_RECOGNITION              ; On                          ; Off           ; --          ; --         ;
; ALLOW_ANY_SHIFT_REGISTER_SIZE_FOR_RECOGNITION   ; On                          ; Off           ; --          ; --         ;
; AUTO_SHIFT_REGISTER_RECOGNITION                 ; Always                      ; Auto          ; --          ; --         ;
; COMPILER_SIGNATURE_ID                           ; 81651320858.121720907202612 ; --            ; --          ; --         ;
; CYCLONEII_OPTIMIZATION_TECHNIQUE                ; Area                        ; Balanced      ; --          ; --         ;
; HDL_MESSAGE_LEVEL                               ; Level3                      ; Level2        ; --          ; --         ;
; IGNORE_CASCADE_BUFFERS                          ; On                          ; Off           ; --          ; --         ;
; IGNORE_LCELL_BUFFERS                            ; On                          ; Off           ; --          ; --         ;
; MUX_RESTRUCTURE                                 ; On                          ; Auto          ; --          ; --         ;
; PARTITION_COLOR                                 ; 2147039                     ; --            ; --          ; Top        ;
; PARTITION_NETLIST_TYPE                          ; SOURCE                      ; --            ; --          ; Top        ;
; PHYSICAL_SYNTHESIS_COMBO_LOGIC_FOR_AREA         ; On                          ; Off           ; --          ; --         ;
; PHYSICAL_SYNTHESIS_MAP_LOGIC_TO_MEMORY_FOR_AREA ; On                          ; Off           ; --          ; --         ;
; REMOVE_REDUNDANT_LOGIC_CELLS                    ; On                          ; Off           ; --          ; --         ;
; SMART_RECOMPILE                                 ; On                          ; Off           ; --          ; --         ;
; STATE_MACHINE_PROCESSING                        ; Minimal Bits                ; Auto          ; --          ; --         ;
; USE_GENERATED_PHYSICAL_CONSTRAINTS              ; Off                         ; --            ; --          ; eda_palace ;
+-------------------------------------------------+-----------------------------+---------------+-------------+------------+


+--------------------------------------------------------------------------------------------------------------------------+
; Flow Elapsed Time                                                                                                        ;
+----------------------+--------------+-------------------------+---------------------+------------------------------------+
; Module Name          ; Elapsed Time ; Average Processors Used ; Peak Virtual Memory ; Total CPU Time (on all processors) ;
+----------------------+--------------+-------------------------+---------------------+------------------------------------+
; Analysis & Synthesis ; 00:27:13     ; 1.0                     ; 278 MB              ; 00:26:48                           ;
; Fitter               ; 00:08:34     ; 1.0                     ; 313 MB              ; 00:08:19                           ;
; Assembler            ; 00:00:09     ; 1.0                     ; 222 MB              ; 00:00:07                           ;
; Total                ; 00:35:56     ; --                      ; --                  ; 00:35:14                           ;
+----------------------+--------------+-------------------------+---------------------+------------------------------------+


------------
; Flow Log ;
------------
quartus_map --read_settings_files=on --write_settings_files=off LightCycles -c LightCycles
quartus_fit --read_settings_files=on --write_settings_files=off LightCycles -c LightCycles
quartus_asm --read_settings_files=on --write_settings_files=off LightCycles -c LightCycles



